<?xml version="1.0" encoding="UTF-8"?>
<!-- Generated by org.testng.reporters.JUnitReportReporter -->
<testsuite skipped="0" hostname="SGH407TWWM" name="seleniumSession.WindowHandleEON" tests="2" failures="0" timestamp="08 Aug 2018 10:43:07 GMT" time="216.775" errors="0">
  <testcase name="testpopup" time="214.946" classname="seleniumSession.WindowHandleEON"/>
  <testcase name="sendEmail" time="1.829" classname="seleniumSession.WindowHandleEON"/>
</testsuite> <!-- seleniumSession.WindowHandleEON -->
