<?xml version="1.0" encoding="UTF-8"?>
<!-- Generated by org.testng.reporters.JUnitReportReporter -->
<testsuite skipped="0" hostname="SGH407TWWM" name="seleniumSession.WindowHandleEON" tests="1" failures="0" timestamp="08 Aug 2018 09:53:17 GMT" time="1.738" errors="0">
  <testcase name="sendEmail" time="1.738" classname="seleniumSession.WindowHandleEON"/>
</testsuite> <!-- seleniumSession.WindowHandleEON -->
