<?xml version="1.0" encoding="UTF-8"?>
<!-- Generated by org.testng.reporters.JUnitReportReporter -->
<testsuite skipped="0" hostname="5CG7074XC1" name="seleniumSession.ScreenshotParticularElement" tests="1" failures="0" timestamp="09 Oct 2018 14:08:15 GMT" time="20.859" errors="0">
  <testcase name="screenShotElement" time="20.859" classname="seleniumSession.ScreenshotParticularElement"/>
</testsuite> <!-- seleniumSession.ScreenshotParticularElement -->
