<?xml version="1.0" encoding="UTF-8"?>
<!-- Generated by org.testng.reporters.JUnitReportReporter -->
<testsuite skipped="0" hostname="SGH407TWWM" name="seleniumSession.SendEmail" tests="1" failures="0" timestamp="08 Aug 2018 10:10:20 GMT" time="1.746" errors="0">
  <testcase name="sendEmail" time="1.746" classname="seleniumSession.SendEmail"/>
</testsuite> <!-- seleniumSession.SendEmail -->
