<?xml version="1.0" encoding="UTF-8"?>
<!-- Generated by org.testng.reporters.JUnitReportReporter -->
<testsuite skipped="0" hostname="SGH407TWWM" name="com.TestNG.parallelExecution.ParallelExecutionBrowser" tests="3" failures="0" timestamp="20 Jul 2018 11:51:02 GMT" time="43.259" errors="0">
  <testcase name="parallelTest2" time="13.959" classname="com.TestNG.parallelExecution.ParallelExecutionBrowser"/>
  <testcase name="parallelTest3" time="14.334" classname="com.TestNG.parallelExecution.ParallelExecutionBrowser"/>
  <testcase name="parallelTest1" time="14.966" classname="com.TestNG.parallelExecution.ParallelExecutionBrowser"/>
</testsuite> <!-- com.TestNG.parallelExecution.ParallelExecutionBrowser -->
