<?xml version="1.0" encoding="UTF-8"?>
<!-- Generated by org.testng.reporters.JUnitReportReporter -->
<testsuite skipped="0" hostname="SGH407TWWM" name="com.TestNG.TestNgBasics" tests="2" failures="0" timestamp="26 Jul 2018 09:59:07 GMT" time="0.005" errors="0">
  <testcase name="googleTitleTest" time="0.004" classname="com.TestNG.TestNgBasics"/>
  <testcase name="searchTest" time="0.001" classname="com.TestNG.TestNgBasics"/>
</testsuite> <!-- com.TestNG.TestNgBasics -->
