<?xml version="1.0" encoding="UTF-8"?>
<!-- Generated by org.testng.reporters.JUnitReportReporter -->
<testsuite skipped="0" hostname="SGH407TWWM" name="com.TestNG.InvocationCountTest" tests="10" failures="0" timestamp="12 Jul 2018 11:35:38 GMT" time="0.006" errors="0">
  <testcase name="sum" time="0.000" classname="com.TestNG.InvocationCountTest"/>
  <testcase name="sum" time="0.001" classname="com.TestNG.InvocationCountTest"/>
  <testcase name="sum" time="0.001" classname="com.TestNG.InvocationCountTest"/>
  <testcase name="sum" time="0.001" classname="com.TestNG.InvocationCountTest"/>
  <testcase name="sum" time="0.000" classname="com.TestNG.InvocationCountTest"/>
  <testcase name="sum" time="0.001" classname="com.TestNG.InvocationCountTest"/>
  <testcase name="sum" time="0.001" classname="com.TestNG.InvocationCountTest"/>
  <testcase name="sum" time="0.000" classname="com.TestNG.InvocationCountTest"/>
  <testcase name="sum" time="0.001" classname="com.TestNG.InvocationCountTest"/>
  <testcase name="sum" time="0.000" classname="com.TestNG.InvocationCountTest"/>
</testsuite> <!-- com.TestNG.InvocationCountTest -->
