<?xml version="1.0" encoding="UTF-8"?>
<!-- Generated by org.testng.reporters.JUnitReportReporter -->
<testsuite skipped="0" hostname="SGH407TWWM" name="com.TestNG.ParameterTest" tests="1" failures="0" timestamp="17 Jul 2018 09:18:07 GMT" time="10.065" errors="0">
  <testcase name="gmailLoginTest" time="10.065" classname="com.TestNG.ParameterTest"/>
</testsuite> <!-- com.TestNG.ParameterTest -->
